[20:35:39] ━━━ walkie check ━━━
[20:35:39] Channel xc-recon-eaf6: 0 messages
[20:35:39] Channel predator-collab: 2 messages
[20:35:39] Channel recon-chat: 0 messages
[20:35:40] Channel recon-general: 0 messages
[20:35:40] Check complete
[20:45:39] ━━━ walkie check ━━━
[20:45:39] Channel xc-recon-eaf6: 0 messages
[20:45:39] Channel predator-collab: 1 messages
[20:45:39] Channel recon-chat: 0 messages
[20:45:39] Channel recon-general: 0 messages
[20:45:39] Check complete
[20:55:39] ━━━ walkie check ━━━
[20:55:39] Channel xc-recon-eaf6: 0 messages
[20:55:39] Channel predator-collab: 0 messages
[20:55:39] Channel recon-chat: 0 messages
[20:55:39] Channel recon-general: 0 messages
[20:55:39] Check complete
[21:05:40] ━━━ walkie check ━━━
[21:05:40] Channel xc-recon-eaf6: 4 messages
[21:05:40] Channel predator-collab: 22 messages
[21:05:40] Channel recon-chat: 1 messages
[21:05:40] Channel recon-general: 0 messages
[21:05:40] Check complete
[21:15:39] ━━━ walkie check ━━━
[21:15:39] Channel xc-recon-eaf6: 0 messages
[21:15:39] Channel predator-collab: 0 messages
[21:15:39] Channel recon-chat: 0 messages
[21:15:39] Channel recon-general: 0 messages
[21:15:39] Check complete
[21:25:40] ━━━ walkie check ━━━
[21:25:40] Channel xc-recon-eaf6: 0 messages
[21:25:40] Channel predator-collab: 1 messages
[21:25:40] Channel recon-chat: 0 messages
[21:25:40] Channel recon-general: 0 messages
[21:25:40] Check complete
[21:35:40] ━━━ walkie check ━━━
[21:35:40] Channel xc-recon-eaf6: 0 messages
[21:35:40] Channel predator-collab: 0 messages
[21:35:40] Channel recon-chat: 0 messages
[21:35:40] Channel recon-general: 0 messages
[21:35:40] Check complete
[21:45:39] ━━━ walkie check ━━━
[21:45:39] Channel xc-recon-eaf6: 0 messages
[21:45:39] Channel predator-collab: 0 messages
[21:45:39] Channel recon-chat: 0 messages
[21:45:39] Channel recon-general: 0 messages
[21:45:39] Check complete
[21:55:41] ━━━ walkie check ━━━
[21:55:41] Channel xc-recon-eaf6: 0 messages
[21:55:41] Channel predator-collab: 0 messages
[21:55:41] Channel recon-chat: 0 messages
[21:55:41] Channel recon-general: 0 messages
[21:55:41] Check complete
[22:05:39] ━━━ walkie check ━━━
[22:05:39] Channel xc-recon-eaf6: 4 messages
[22:05:40] Channel predator-collab: 23 messages
[22:05:40] Channel recon-chat: 1 messages
[22:05:40] Channel recon-general: 0 messages
[22:05:40] Check complete
[22:15:40] ━━━ walkie check ━━━
[22:15:40] Channel xc-recon-eaf6: 0 messages
[22:15:40] Channel predator-collab: 0 messages
[22:15:40] Channel recon-chat: 0 messages
[22:15:40] Channel recon-general: 0 messages
[22:15:40] Check complete
[22:25:39] ━━━ walkie check ━━━
[22:25:39] Channel xc-recon-eaf6: 0 messages
[22:25:39] Channel predator-collab: 0 messages
[22:25:39] Channel recon-chat: 0 messages
[22:25:39] Channel recon-general: 0 messages
[22:25:39] Check complete
[22:35:39] ━━━ walkie check ━━━
[22:35:39] Channel xc-recon-eaf6: 4 messages
[22:35:39] Channel predator-collab: 23 messages
[22:35:39] Channel recon-chat: 1 messages
[22:35:39] Channel recon-general: 0 messages
[22:35:39] Check complete
[22:45:39] ━━━ walkie check ━━━
[22:45:39] Channel xc-recon-eaf6: 0 messages
[22:45:39] Channel predator-collab: 4 messages
[22:45:39] Channel recon-chat: 0 messages
[22:45:39] Channel recon-general: 0 messages
[22:45:39] Check complete
[22:55:39] ━━━ walkie check ━━━
[22:55:39] Channel xc-recon-eaf6: 0 messages
[22:55:39] Channel predator-collab: 0 messages
[22:55:39] Channel recon-chat: 0 messages
[22:55:39] Channel recon-general: 0 messages
[22:55:39] Check complete
[23:05:41] ━━━ walkie check ━━━
[23:05:41] Channel xc-recon-eaf6: 0 messages
[23:05:41] Channel predator-collab: 0 messages
[23:05:41] Channel recon-chat: 0 messages
[23:05:41] Channel recon-general: 0 messages
[23:05:41] Check complete
[23:15:40] ━━━ walkie check ━━━
[23:15:40] Channel xc-recon-eaf6: 0 messages
[23:15:40] Channel predator-collab: 0 messages
[23:15:41] Channel recon-chat: 0 messages
[23:15:41] Channel recon-general: 0 messages
[23:15:41] Check complete
[23:25:39] ━━━ walkie check ━━━
[23:25:39] Channel xc-recon-eaf6: 0 messages
[23:25:39] Channel predator-collab: 4 messages
[23:25:40] Channel recon-chat: 0 messages
[23:25:40] Channel recon-general: 0 messages
[23:25:40] Check complete
[23:25:47] ━━━ walkie check ━━━
[23:25:47] Channel xc-recon-eaf6: 0 messages
[23:25:47] Channel predator-collab: 0 messages
[23:25:47] Channel recon-chat: 0 messages
[23:25:48] Channel recon-general: 0 messages
[23:35:40] ━━━ walkie check ━━━
[23:35:40] Channel xc-recon-eaf6: 0 messages
[23:35:40] Channel predator-collab: 1 messages
[23:35:40] Channel recon-chat: 0 messages
[23:35:40] Channel recon-general: 0 messages
[23:35:40] Check complete
[23:45:40] ━━━ walkie check ━━━
[23:45:40] Channel xc-recon-eaf6: 0 messages
[23:45:40] Channel predator-collab: 0 messages
[23:45:40] Channel recon-chat: 0 messages
[23:45:40] Channel recon-general: 0 messages
[23:45:40] Check complete
[23:55:40] ━━━ walkie check ━━━
[23:55:40] Channel xc-recon-eaf6: 4 messages
[23:55:40] Channel predator-collab: 32 messages
[23:55:40] Channel recon-chat: 1 messages
[23:55:40] Channel recon-general: 0 messages
[23:55:40] Check complete
[00:05:39] ━━━ walkie check ━━━
[00:05:39] Channel xc-recon-eaf6: 0 messages
[00:05:39] Channel predator-collab: 0 messages
[00:05:39] Channel recon-chat: 0 messages
[00:05:39] Channel recon-general: 0 messages
[00:05:39] Check complete
[00:15:43] ━━━ walkie check ━━━
[00:15:43] Channel xc-recon-eaf6: 0 messages
[00:15:43] Channel predator-collab: 0 messages
[00:15:43] Channel recon-chat: 0 messages
[00:15:43] Channel recon-general: 0 messages
[00:15:43] Check complete
[00:25:39] ━━━ walkie check ━━━
[00:25:39] Channel xc-recon-eaf6: 0 messages
[00:25:39] Channel predator-collab: 0 messages
[00:25:39] Channel recon-chat: 0 messages
[00:25:39] Channel recon-general: 0 messages
[00:25:39] Check complete
[00:35:39] ━━━ walkie check ━━━
[00:35:39] Channel xc-recon-eaf6: 0 messages
[00:35:39] Channel predator-collab: 0 messages
[00:35:39] Channel recon-chat: 0 messages
[00:35:39] Channel recon-general: 0 messages
[00:35:39] Check complete
[00:45:40] ━━━ walkie check ━━━
[00:45:40] Channel xc-recon-eaf6: 3 messages
[00:45:40] Channel predator-collab: 22 messages
[00:45:40] Channel recon-chat: 1 messages
[00:45:40] Channel recon-general: 0 messages
[00:45:40] Check complete
[00:55:39] ━━━ walkie check ━━━
[00:55:39] Channel xc-recon-eaf6: 0 messages
[00:55:39] Channel predator-collab: 0 messages
[00:55:39] Channel recon-chat: 0 messages
[00:55:39] Channel recon-general: 0 messages
[00:55:39] Check complete
[01:25:39] ━━━ walkie check ━━━
[01:25:39] Channel xc-recon-eaf6: 0 messages
[01:25:39] Channel predator-collab: 0 messages
[01:25:39] Channel recon-chat: 0 messages
[01:25:39] Channel recon-general: 0 messages
[01:25:39] Check complete
[01:35:41] ━━━ walkie check ━━━
[01:35:41] Channel xc-recon-eaf6: 0 messages
[01:35:41] Channel predator-collab: 0 messages
[01:35:41] Channel recon-chat: 0 messages
[01:35:41] Channel recon-general: 0 messages
[01:35:41] Check complete
[01:45:43] ━━━ walkie check ━━━
[01:45:43] Channel xc-recon-eaf6: 0 messages
[01:45:43] Channel predator-collab: 0 messages
[01:45:43] Channel recon-chat: 0 messages
[01:45:43] Channel recon-general: 0 messages
[01:45:43] Check complete
[01:55:48] ━━━ walkie check ━━━
[01:55:48] Channel xc-recon-eaf6: 0 messages
[01:55:49] Channel predator-collab: 0 messages
[01:55:49] Channel recon-chat: 0 messages
[01:55:49] Channel recon-general: 0 messages
[01:55:49] Check complete
[02:05:57] ━━━ walkie check ━━━
[02:05:57] Channel xc-recon-eaf6: 0 messages
[02:05:57] Channel predator-collab: 0 messages
[02:05:57] Channel recon-chat: 0 messages
[02:05:57] Channel recon-general: 0 messages
[02:05:57] Check complete
[02:18:22] ━━━ walkie check ━━━
[02:18:22] Channel xc-recon-eaf6: 0 messages
[02:18:22] Channel predator-collab: 0 messages
[02:18:22] Channel recon-chat: 0 messages
[02:18:22] Channel recon-general: 0 messages
[02:18:22] Check complete
[02:28:06] ━━━ walkie check ━━━
[02:28:06] Channel xc-recon-eaf6: 0 messages
[02:28:06] Channel predator-collab: 0 messages
[02:28:06] Channel recon-chat: 0 messages
[02:28:06] Channel recon-general: 0 messages
[02:28:06] Check complete
[02:38:01] ━━━ walkie check ━━━
[02:38:01] Channel xc-recon-eaf6: 3 messages
[02:38:01] Channel predator-collab: 20 messages
[02:38:01] Channel recon-chat: 1 messages
[02:38:01] Channel recon-general: 0 messages
[02:38:01] Check complete
[02:48:09] ━━━ walkie check ━━━
[02:48:09] Channel xc-recon-eaf6: 3 messages
[02:48:09] Channel predator-collab: 20 messages
[02:48:09] Channel recon-chat: 1 messages
[02:48:09] Channel recon-general: 0 messages
[02:48:09] Check complete
[02:58:10] ━━━ walkie check ━━━
[02:58:10] Channel xc-recon-eaf6: 0 messages
[02:58:10] Channel predator-collab: 0 messages
[02:58:11] Channel recon-chat: 0 messages
[02:58:11] Channel recon-general: 0 messages
[02:58:11] Check complete
[12:58:11] ━━━ walkie check ━━━
[12:58:11] Channel xc-recon-eaf6: 0 messages
[12:58:11] Channel predator-collab: 0 messages
[12:58:11] Channel recon-chat: 0 messages
[12:58:11] Channel recon-general: 0 messages
[12:58:11] Check complete
